c:\elseifstudio\thieveslabyrinth\thieveslabyrinth\debug\vc141.pdb
c:\elseifstudio\thieveslabyrinth\thieveslabyrinth\debug\vc141.idb
c:\elseifstudio\thieveslabyrinth\thieveslabyrinth\debug\rigidbody.obj
c:\elseifstudio\thieveslabyrinth\thieveslabyrinth\debug\math.obj
c:\elseifstudio\thieveslabyrinth\thieveslabyrinth\debug\aimanager.obj
c:\elseifstudio\thieveslabyrinth\thieveslabyrinth\debug\inputmanager.obj
c:\elseifstudio\thieveslabyrinth\thieveslabyrinth\debug\winmain.obj
c:\elseifstudio\thieveslabyrinth\thieveslabyrinth\debug\transform.obj
c:\elseifstudio\thieveslabyrinth\thieveslabyrinth\debug\time.obj
c:\elseifstudio\thieveslabyrinth\thieveslabyrinth\debug\system.obj
c:\elseifstudio\thieveslabyrinth\thieveslabyrinth\debug\rendermanager.obj
c:\elseifstudio\thieveslabyrinth\thieveslabyrinth\debug\physicsmanager.obj
c:\elseifstudio\thieveslabyrinth\thieveslabyrinth\debug\minotaurcontroller.obj
c:\elseifstudio\thieveslabyrinth\thieveslabyrinth\debug\mesh.obj
c:\elseifstudio\thieveslabyrinth\thieveslabyrinth\debug\memorymanager.obj
c:\elseifstudio\thieveslabyrinth\thieveslabyrinth\debug\eventmanager.obj
c:\elseifstudio\thieveslabyrinth\thieveslabyrinth\debug\entitymanager.obj
c:\elseifstudio\thieveslabyrinth\thieveslabyrinth\debug\entity.obj
c:\elseifstudio\thieveslabyrinth\thieveslabyrinth\debug\componentmanager.obj
c:\elseifstudio\thieveslabyrinth\thieveslabyrinth\debug\component.obj
c:\elseifstudio\thieveslabyrinth\thieveslabyrinth\debug\collider.obj
c:\elseifstudio\thieveslabyrinth\thieveslabyrinth\debug\cameracontroller.obj
c:\elseifstudio\thieveslabyrinth\thieveslabyrinth\debug\cdebugmanager.obj
c:\elseifstudio\thieveslabyrinth\thieveslabyrinth\debug\wictextureloader.obj
c:\elseifstudio\thieveslabyrinth\thieveslabyrinth\defaultps.csh
c:\elseifstudio\thieveslabyrinth\debug\defaultps.cso
c:\elseifstudio\thieveslabyrinth\thieveslabyrinth\defaultvs.csh
c:\elseifstudio\thieveslabyrinth\debug\defaultvs.cso
c:\elseifstudio\thieveslabyrinth\debug\thieveslabyrinth.ilk
c:\elseifstudio\thieveslabyrinth\debug\thieveslabyrinth.exe
c:\elseifstudio\thieveslabyrinth\debug\thieveslabyrinth.pdb
c:\elseifstudio\thieveslabyrinth\thieveslabyrinth\debug\physicsmanager.obj.enc
c:\elseifstudio\thieveslabyrinth\thieveslabyrinth\debug\thieveslabyrinth.tlog\cl.command.1.tlog
c:\elseifstudio\thieveslabyrinth\thieveslabyrinth\debug\thieveslabyrinth.tlog\cl.read.1.tlog
c:\elseifstudio\thieveslabyrinth\thieveslabyrinth\debug\thieveslabyrinth.tlog\cl.write.1.tlog
c:\elseifstudio\thieveslabyrinth\thieveslabyrinth\debug\thieveslabyrinth.tlog\fxc.command.1.tlog
c:\elseifstudio\thieveslabyrinth\thieveslabyrinth\debug\thieveslabyrinth.tlog\fxc.read.1.tlog
c:\elseifstudio\thieveslabyrinth\thieveslabyrinth\debug\thieveslabyrinth.tlog\fxc.write.1.tlog
c:\elseifstudio\thieveslabyrinth\thieveslabyrinth\debug\thieveslabyrinth.tlog\link.command.1.tlog
c:\elseifstudio\thieveslabyrinth\thieveslabyrinth\debug\thieveslabyrinth.tlog\link.read.1.tlog
c:\elseifstudio\thieveslabyrinth\thieveslabyrinth\debug\thieveslabyrinth.tlog\link.write.1.tlog
